Using pre-set license
Built from '2020.3/staging' branch; Version is '2020.3.8f1 (507919d4fff5) revision 5273881'; Using compiler version '192528614'; Build Type 'Release'
OS: 'Windows 10 Home; OS build 19042.985; Version 2009; 64bit' Language: 'ko' Physical Memory: 8110 MB
BatchMode: 1, IsHumanControllingUs: 0, StartBugReporterOnCrash: 0, Is64bit: 1, IsPro: 0

 COMMAND LINE ARGUMENTS:
C:\Program Files\Unity\Hub\Editor\2020.3.8f1\Editor\Unity.exe
-adb2
-batchMode
-noUpm
-name
AssetImportWorker2
-projectPath
C:/Users/me/server
-logFile
Logs/AssetImportWorker2.log
-srvPort
56979
Successfully changed project path to: C:/Users/me/server
C:/Users/me/server
Using Asset Import Pipeline V2.
Refreshing native plugins compatible for Editor in 229.58 ms, found 3 plugins.
Preloading 0 native plugins for Editor in 0.00 ms.
Initialize engine version: 2020.3.8f1 (507919d4fff5)
[Subsystems] Discovering subsystems at path C:/Program Files/Unity/Hub/Editor/2020.3.8f1/Editor/Data/Resources/UnitySubsystems
[Subsystems] Discovering subsystems at path C:/Users/me/server/Assets
GfxDevice: creating device client; threaded=0
Direct3D:
    Version:  Direct3D 11.0 [level 11.1]
    Renderer: Intel(R) HD Graphics 510 (ID=0x1906)
    Vendor:   
    VRAM:     4055 MB
    Driver:   27.20.100.7987
Initialize mono
Mono path[0] = 'C:/Program Files/Unity/Hub/Editor/2020.3.8f1/Editor/Data/Managed'
Mono path[1] = 'C:/Program Files/Unity/Hub/Editor/2020.3.8f1/Editor/Data/MonoBleedingEdge/lib/mono/unityjit'
Mono config path = 'C:/Program Files/Unity/Hub/Editor/2020.3.8f1/Editor/Data/MonoBleedingEdge/etc'
Using monoOptions --debugger-agent=transport=dt_socket,embedding=1,server=y,suspend=n,address=127.0.0.1:56180
Begin MonoManager ReloadAssembly
Registering precompiled unity dll's ...
Register platform support module: C:/Program Files/Unity/Hub/Editor/2020.3.8f1/Editor/Data/PlaybackEngines/WindowsStandaloneSupport/UnityEditor.WindowsStandalone.Extensions.dll
Registered in 0.009675 seconds.
Native extension for WindowsStandalone target not found
Refreshing native plugins compatible for Editor in 92.04 ms, found 3 plugins.
Preloading 0 native plugins for Editor in 0.00 ms.
Mono: successfully reloaded assembly
- Completed reload, in  7.752 seconds
Platform modules already initialized, skipping
Registering precompiled user dll's ...
Registered in 0.055600 seconds.
Begin MonoManager ReloadAssembly
Native extension for WindowsStandalone target not found
Refreshing native plugins compatible for Editor in 99.70 ms, found 3 plugins.
Preloading 0 native plugins for Editor in 0.00 ms.
Mono: successfully reloaded assembly
- Completed reload, in  2.825 seconds
Platform modules already initialized, skipping
========================================================================
Worker process is ready to serve import requests
Launched and connected shader compiler UnityShaderCompiler.exe after 0.21 seconds
Refreshing native plugins compatible for Editor in 1.27 ms, found 3 plugins.
Preloading 0 native plugins for Editor in 0.00 ms.
Unloading 1891 Unused Serialized files (Serialized files now loaded: 0)
System memory in use before: 87.5 MB.
System memory in use after: 87.4 MB.

Unloading 102 unused Assets to reduce memory usage. Loaded Objects now: 2267.
Total: 4.981500 ms (FindLiveObjects: 0.424100 ms CreateObjectMapping: 0.206800 ms MarkObjects: 4.102700 ms  DeleteObjects: 0.245000 ms)

========================================================================
Received Import Request.
  path: Assets/Ranking.cs
  artifactKey: Guid(9c26efe11148874489f57b9d57dd6abe) Importer(815301076,1909f56bfc062723c751e8b465ee728b)
Start importing Assets/Ranking.cs using Guid(9c26efe11148874489f57b9d57dd6abe) Importer(815301076,1909f56bfc062723c751e8b465ee728b)  -> (artifact id: 'e65103f241d88eb4ae69233b8b53f3d2') in 0.095180 seconds
  Import took 0.103031 seconds .

========================================================================
Received Import Request.
  Time since last request: 36.955302 seconds.
  path: Assets/Ranking.cs
  artifactKey: Guid(9c26efe11148874489f57b9d57dd6abe) Importer(815301076,1909f56bfc062723c751e8b465ee728b)
Start importing Assets/Ranking.cs using Guid(9c26efe11148874489f57b9d57dd6abe) Importer(815301076,1909f56bfc062723c751e8b465ee728b)  -> (artifact id: 'fe2a9069bc3dc31e9e8c195742380ec7') in 0.015212 seconds
  Import took 0.026263 seconds .

AssetImportWorkerClient::OnTransportError - code=2 error=End of file
